<?xml version='1.0' encoding='UTF-8'?>
<!DOCTYPE coverage SYSTEM 'http://cobertura.sourceforge.net/xml/coverage-04.dtd'>
<coverage line-rate="0.41935483870967744" function-rate="0.5976331360946746" branch-rate="0.19839142091152814" lines-covered="182" lines-valid="434" functions-covered="101" functions-valid="169" branches-covered="74" branches-valid="373" complexity="0.0" timestamp="1697727734" version="gcovr 5.2"><sources><source>.</source></sources><packages><package name="include.evie" line-rate="0.8571428571428571" function-rate="0.8809523809523809" branch-rate="0.54" complexity="0.0"><classes><class name="application_h" filename="include/evie/application.h" line-rate="0.0" branch-rate="0.0" complexity="0.0"><methods/><lines><line number="39" hits="0" branch="false"/></lines></class><class name="bitmask_operators_h" filename="include/evie/bitmask_operators.h" line-rate="1.0" branch-rate="0.0" complexity="0.0"><methods/><lines><line number="14" hits="56" branch="false"/><line number="17" hits="56" branch="false"/><line number="22" hits="31" branch="false"/><line number="25" hits="31" branch="false"/></lines></class><class name="entrypoint_h" filename="include/evie/entrypoint.h" line-rate="0.0" branch-rate="0.0" complexity="0.0"><methods/><lines><line number="27" hits="0" branch="false"/><line number="29" hits="0" branch="true" condition-coverage="0% (0/2)"><conditions><condition number="0" type="jump" coverage="0%"/></conditions></line><line number="30" hits="0" branch="true" condition-coverage="0% (0/2)"><conditions><condition number="0" type="jump" coverage="0%"/></conditions></line><line number="31" hits="0" branch="true" condition-coverage="0% (0/2)"><conditions><condition number="0" type="jump" coverage="0%"/></conditions></line><line number="33" hits="0" branch="true" condition-coverage="0% (0/2)"><conditions><condition number="0" type="jump" coverage="0%"/></conditions></line><line number="34" hits="0" branch="false"/></lines></class><class name="error_h" filename="include/evie/error.h" line-rate="0.7142857142857143" branch-rate="0.0" complexity="0.0"><methods/><lines><line number="9" hits="2" branch="false"/><line number="12" hits="0" branch="false"/><line number="15" hits="2" branch="false"/><line number="18" hits="3" branch="false"/><line number="21" hits="2" branch="false"/><line number="25" hits="4" branch="false"/><line number="32" hits="0" branch="false"/></lines></class><class name="events_h" filename="include/evie/events.h" line-rate="1.0" branch-rate="0.0" complexity="0.0"><methods/><lines><line number="51" hits="90" branch="false"/><line number="53" hits="31" branch="false"/><line number="55" hits="31" branch="false"/><line number="62" hits="38" branch="false"/></lines></class><class name="ids_h" filename="include/evie/ids.h" line-rate="1.0" branch-rate="0.0" complexity="0.0"><methods/><lines><line number="10" hits="26" branch="false"/><line number="12" hits="9" branch="false"/><line number="14" hits="38" branch="false"/></lines></class><class name="input_manager_h" filename="include/evie/input_manager.h" line-rate="1.0" branch-rate="0.0" complexity="0.0"><methods/><lines><line number="15" hits="22" branch="false"/></lines></class><class name="layer_h" filename="include/evie/layer.h" line-rate="0.5" branch-rate="0.0" complexity="0.0"><methods/><lines><line number="11" hits="58" branch="false"/><line number="14" hits="0" branch="false"/></lines></class><class name="result_h" filename="include/evie/result.h" line-rate="1.0" branch-rate="0.6428571428571429" complexity="0.0"><methods/><lines><line number="53" hits="1" branch="false"/><line number="60" hits="1" branch="false"/><line number="63" hits="1" branch="false"/><line number="70" hits="12" branch="false"/><line number="72" hits="12" branch="false"/><line number="73" hits="12" branch="false"/><line number="97" hits="2" branch="false"/><line number="99" hits="2" branch="true" condition-coverage="50% (1/2)"><conditions><condition number="0" type="jump" coverage="50%"/></conditions></line><line number="101" hits="2" branch="true" condition-coverage="75% (3/4)"><conditions><condition number="0" type="jump" coverage="75%"/></conditions></line><line number="102" hits="1" branch="false"/><line number="104" hits="1" branch="false"/><line number="106" hits="2" branch="false"/><line number="111" hits="10" branch="false"/><line number="113" hits="10" branch="true" condition-coverage="50% (1/2)"><conditions><condition number="0" type="jump" coverage="50%"/></conditions></line><line number="115" hits="10" branch="true" condition-coverage="75% (3/4)"><conditions><condition number="0" type="jump" coverage="75%"/></conditions></line><line number="116" hits="8" branch="false"/><line number="118" hits="2" branch="false"/><line number="120" hits="10" branch="false"/><line number="125" hits="48" branch="false"/><line number="127" hits="48" branch="true" condition-coverage="75% (3/4)"><conditions><condition number="0" type="jump" coverage="75%"/></conditions></line><line number="129" hits="28" branch="false"/><line number="132" hits="20" branch="false"/><line number="134" hits="48" branch="false"/><line number="172" hits="3" branch="false"/><line number="174" hits="3" branch="true" condition-coverage="66% (4/6)"><conditions><condition number="0" type="jump" coverage="66%"/></conditions></line><line number="175" hits="2" branch="true" condition-coverage="75% (3/4)"><conditions><condition number="0" type="jump" coverage="75%"/></conditions></line><line number="176" hits="1" branch="false"/><line number="178" hits="1" branch="false"/><line number="181" hits="1" branch="false"/><line number="205" hits="26" branch="false"/><line number="207" hits="26" branch="true" condition-coverage="50% (2/4)"><conditions><condition number="0" type="jump" coverage="50%"/></conditions></line><line number="208" hits="26" branch="false"/><line number="223" hits="2" branch="false"/><line number="225" hits="2" branch="true" condition-coverage="75% (3/4)"><conditions><condition number="0" type="jump" coverage="75%"/></conditions></line><line number="226" hits="1" branch="false"/><line number="228" hits="1" branch="false"/><line number="229" hits="1" branch="false"/><line number="238" hits="2" branch="false"/><line number="240" hits="2" branch="true" condition-coverage="50% (2/4)"><conditions><condition number="0" type="jump" coverage="50%"/></conditions></line><line number="241" hits="2" branch="false"/><line number="250" hits="22" branch="true" condition-coverage="50% (1/2)"><conditions><condition number="0" type="jump" coverage="50%"/></conditions></line><line number="259" hits="14" branch="true" condition-coverage="50% (1/2)"><conditions><condition number="0" type="jump" coverage="50%"/></conditions></line></lines></class></classes></package><package name="src.entrypoint" line-rate="0.0" function-rate="0.0" branch-rate="0.0" complexity="0.0"><classes><class name="application_cpp" filename="src/entrypoint/application.cpp" line-rate="0.0" branch-rate="0.0" complexity="0.0"><methods/><lines><line number="43" hits="0" branch="false"/><line number="44" hits="0" branch="false"/><line number="47" hits="0" branch="false"/><line number="48" hits="0" branch="true" condition-coverage="0% (0/2)"><conditions><condition number="0" type="jump" coverage="0%"/></conditions></line><line number="50" hits="0" branch="false"/><line number="52" hits="0" branch="false"/><line number="55" hits="0" branch="true" condition-coverage="0% (0/2)"><conditions><condition number="0" type="jump" coverage="0%"/></conditions></line><line number="56" hits="0" branch="true" condition-coverage="0% (0/4)"><conditions><condition number="0" type="jump" coverage="0%"/></conditions></line><line number="62" hits="0" branch="true" condition-coverage="0% (0/2)"><conditions><condition number="0" type="jump" coverage="0%"/></conditions></line><line number="69" hits="0" branch="true" condition-coverage="0% (0/2)"><conditions><condition number="0" type="jump" coverage="0%"/></conditions></line><line number="70" hits="0" branch="true" condition-coverage="0% (0/2)"><conditions><condition number="0" type="jump" coverage="0%"/></conditions></line><line number="71" hits="0" branch="true" condition-coverage="0% (0/4)"><conditions><condition number="0" type="jump" coverage="0%"/></conditions></line><line number="72" hits="0" branch="true" condition-coverage="0% (0/4)"><conditions><condition number="0" type="jump" coverage="0%"/></conditions></line><line number="76" hits="0" branch="true" condition-coverage="0% (0/2)"><conditions><condition number="0" type="jump" coverage="0%"/></conditions></line><line number="78" hits="0" branch="true" condition-coverage="0% (0/2)"><conditions><condition number="0" type="jump" coverage="0%"/></conditions></line><line number="79" hits="0" branch="false"/><line number="82" hits="0" branch="true" condition-coverage="0% (0/2)"><conditions><condition number="0" type="jump" coverage="0%"/></conditions></line><line number="83" hits="0" branch="true" condition-coverage="0% (0/4)"><conditions><condition number="0" type="jump" coverage="0%"/></conditions></line><line number="87" hits="0" branch="true" condition-coverage="0% (0/2)"><conditions><condition number="0" type="jump" coverage="0%"/></conditions></line><line number="88" hits="0" branch="false"/><line number="91" hits="0" branch="false"/><line number="94" hits="0" branch="false"/><line number="96" hits="0" branch="true" condition-coverage="0% (0/4)"><conditions><condition number="0" type="jump" coverage="0%"/></conditions></line><line number="97" hits="0" branch="false"/><line number="98" hits="0" branch="false"/><line number="102" hits="0" branch="true" condition-coverage="0% (0/4)"><conditions><condition number="0" type="jump" coverage="0%"/></conditions></line><line number="103" hits="0" branch="false"/><line number="104" hits="0" branch="true" condition-coverage="0% (0/2)"><conditions><condition number="0" type="jump" coverage="0%"/></conditions></line><line number="105" hits="0" branch="true" condition-coverage="0% (0/2)"><conditions><condition number="0" type="jump" coverage="0%"/></conditions></line><line number="107" hits="0" branch="false"/><line number="111" hits="0" branch="false"/><line number="114" hits="0" branch="false"/><line number="115" hits="0" branch="false"/><line number="118" hits="0" branch="false"/><line number="120" hits="0" branch="false"/></lines></class></classes></package><package name="src.logger" line-rate="0.0" function-rate="0.0" branch-rate="0.0" complexity="0.0"><classes><class name="logging_cpp" filename="src/logger/logging.cpp" line-rate="0.0" branch-rate="0.0" complexity="0.0"><methods/><lines><line number="12" hits="0" branch="false"/><line number="13" hits="0" branch="false"/><line number="16" hits="0" branch="false"/><line number="17" hits="0" branch="false"/><line number="20" hits="0" branch="false"/><line number="23" hits="0" branch="true" condition-coverage="0% (0/4)"><conditions><condition number="0" type="jump" coverage="0%"/></conditions></line><line number="24" hits="0" branch="false"/><line number="27" hits="0" branch="true" condition-coverage="0% (0/4)"><conditions><condition number="0" type="jump" coverage="0%"/></conditions></line><line number="28" hits="0" branch="false"/></lines></class></classes></package><package name="src.window" line-rate="0.29906542056074764" function-rate="0.2708333333333333" branch-rate="0.31125827814569534" complexity="0.0"><classes><class name="debug_layer_cpp" filename="src/window/debug_layer.cpp" line-rate="0.0" branch-rate="0.0" complexity="0.0"><methods/><lines><line number="17" hits="0" branch="false"/><line number="19" hits="0" branch="false"/><line number="20" hits="0" branch="true" condition-coverage="0% (0/2)"><conditions><condition number="0" type="jump" coverage="0%"/></conditions></line><line number="21" hits="0" branch="true" condition-coverage="0% (0/2)"><conditions><condition number="0" type="jump" coverage="0%"/></conditions></line><line number="22" hits="0" branch="true" condition-coverage="0% (0/2)"><conditions><condition number="0" type="jump" coverage="0%"/></conditions></line><line number="23" hits="0" branch="false"/><line number="24" hits="0" branch="false"/><line number="25" hits="0" branch="false"/><line number="27" hits="0" branch="true" condition-coverage="0% (0/2)"><conditions><condition number="0" type="jump" coverage="0%"/></conditions></line><line number="29" hits="0" branch="true" condition-coverage="0% (0/2)"><conditions><condition number="0" type="jump" coverage="0%"/></conditions></line><line number="30" hits="0" branch="true" condition-coverage="0% (0/4)"><conditions><condition number="0" type="jump" coverage="0%"/></conditions></line><line number="33" hits="0" branch="false"/><line number="36" hits="0" branch="false"/><line number="38" hits="0" branch="false"/><line number="39" hits="0" branch="false"/><line number="40" hits="0" branch="false"/><line number="41" hits="0" branch="false"/><line number="42" hits="0" branch="false"/><line number="43" hits="0" branch="false"/><line number="44" hits="0" branch="false"/><line number="45" hits="0" branch="true" condition-coverage="0% (0/2)"><conditions><condition number="0" type="jump" coverage="0%"/></conditions></line><line number="46" hits="0" branch="false"/><line number="47" hits="0" branch="false"/><line number="48" hits="0" branch="false"/><line number="49" hits="0" branch="false"/><line number="53" hits="0" branch="false"/><line number="55" hits="0" branch="false"/><line number="57" hits="0" branch="true" condition-coverage="0% (0/4)"><conditions><condition number="0" type="jump" coverage="0%"/></conditions></line><line number="58" hits="0" branch="false"/><line number="62" hits="0" branch="false"/><line number="64" hits="0" branch="false"/><line number="65" hits="0" branch="false"/><line number="66" hits="0" branch="false"/></lines></class><class name="event_manager_cpp" filename="src/window/event_manager.cpp" line-rate="0.9047619047619048" branch-rate="0.5681818181818182" complexity="0.0"><methods/><lines><line number="13" hits="4" branch="false"/><line number="14" hits="4" branch="false"/><line number="15" hits="4" branch="false"/><line number="16" hits="4" branch="false"/><line number="18" hits="6" branch="false"/><line number="21" hits="6" branch="true" condition-coverage="50% (1/2)"><conditions><condition number="0" type="jump" coverage="50%"/></conditions></line><line number="25" hits="6" branch="true" condition-coverage="50% (2/4)"><conditions><condition number="0" type="jump" coverage="50%"/></conditions></line><line number="26" hits="6" branch="true" condition-coverage="100% (2/2)"><conditions><condition number="0" type="jump" coverage="100%"/></conditions></line><line number="27" hits="2" branch="true" condition-coverage="100% (2/2)"><conditions><condition number="0" type="jump" coverage="100%"/></conditions></line><line number="28" hits="1" branch="true" condition-coverage="50% (1/2)"><conditions><condition number="0" type="jump" coverage="50%"/></conditions></line><line number="29" hits="1" branch="true" condition-coverage="50% (2/4)"><conditions><condition number="0" type="jump" coverage="50%"/></conditions></line><line number="30" hits="0" branch="false"/><line number="36" hits="10" branch="true" condition-coverage="75% (3/4)"><conditions><condition number="0" type="jump" coverage="75%"/></conditions></line><line number="37" hits="9" branch="true" condition-coverage="50% (2/4)"><conditions><condition number="0" type="jump" coverage="50%"/></conditions></line><line number="38" hits="9" branch="true" condition-coverage="75% (3/4)"><conditions><condition number="0" type="jump" coverage="75%"/></conditions></line><line number="39" hits="5" branch="false"/><line number="44" hits="1" branch="false"/><line number="46" hits="2" branch="true" condition-coverage="50% (5/10)"><conditions><condition number="0" type="jump" coverage="50%"/></conditions></line><line number="47" hits="1" branch="true" condition-coverage="50% (2/4)"><conditions><condition number="0" type="jump" coverage="50%"/></conditions></line><line number="48" hits="0" branch="true" condition-coverage="0% (0/2)"><conditions><condition number="0" type="jump" coverage="0%"/></conditions></line><line number="50" hits="1" branch="false"/></lines></class><class name="glfw_window_cpp" filename="src/window/glfw_window.cpp" line-rate="0.0" branch-rate="0.0" complexity="0.0"><methods/><lines><line number="20" hits="0" branch="false"/><line number="22" hits="0" branch="false"/><line number="25" hits="0" branch="false"/><line number="27" hits="0" branch="false"/><line number="28" hits="0" branch="true" condition-coverage="0% (0/2)"><conditions><condition number="0" type="jump" coverage="0%"/></conditions></line><line number="29" hits="0" branch="false"/><line number="30" hits="0" branch="true" condition-coverage="0% (0/2)"><conditions><condition number="0" type="jump" coverage="0%"/></conditions></line><line number="31" hits="0" branch="false"/><line number="33" hits="0" branch="false"/><line number="36" hits="0" branch="false"/><line number="38" hits="0" branch="false"/><line number="41" hits="0" branch="false"/><line number="43" hits="0" branch="false"/><line number="44" hits="0" branch="true" condition-coverage="0% (0/2)"><conditions><condition number="0" type="jump" coverage="0%"/></conditions></line><line number="47" hits="0" branch="false"/><line number="49" hits="0" branch="false"/><line number="50" hits="0" branch="true" condition-coverage="0% (0/2)"><conditions><condition number="0" type="jump" coverage="0%"/></conditions></line><line number="54" hits="0" branch="true" condition-coverage="0% (0/4)"><conditions><condition number="0" type="jump" coverage="0%"/></conditions></line><line number="55" hits="0" branch="false"/><line number="56" hits="0" branch="false"/><line number="57" hits="0" branch="false"/><line number="58" hits="0" branch="false"/><line number="59" hits="0" branch="false"/><line number="60" hits="0" branch="false"/><line number="61" hits="0" branch="false"/><line number="62" hits="0" branch="false"/><line number="63" hits="0" branch="false"/><line number="64" hits="0" branch="false"/><line number="65" hits="0" branch="false"/><line number="66" hits="0" branch="false"/><line number="68" hits="0" branch="false"/><line number="69" hits="0" branch="false"/><line number="74" hits="0" branch="false"/><line number="76" hits="0" branch="false"/><line number="77" hits="0" branch="true" condition-coverage="0% (0/2)"><conditions><condition number="0" type="jump" coverage="0%"/></conditions></line><line number="78" hits="0" branch="false"/><line number="82" hits="0" branch="false"/><line number="84" hits="0" branch="false"/><line number="85" hits="0" branch="true" condition-coverage="0% (0/2)"><conditions><condition number="0" type="jump" coverage="0%"/></conditions></line><line number="86" hits="0" branch="true" condition-coverage="0% (0/3)"><conditions><condition number="0" type="jump" coverage="0%"/></conditions></line><line number="87" hits="0" branch="false"/><line number="88" hits="0" branch="false"/><line number="89" hits="0" branch="false"/><line number="90" hits="0" branch="false"/><line number="91" hits="0" branch="false"/><line number="92" hits="0" branch="false"/><line number="93" hits="0" branch="false"/><line number="94" hits="0" branch="false"/><line number="99" hits="0" branch="false"/><line number="101" hits="0" branch="false"/><line number="102" hits="0" branch="true" condition-coverage="0% (0/2)"><conditions><condition number="0" type="jump" coverage="0%"/></conditions></line><line number="103" hits="0" branch="false"/><line number="107" hits="0" branch="false"/><line number="109" hits="0" branch="false"/><line number="110" hits="0" branch="true" condition-coverage="0% (0/2)"><conditions><condition number="0" type="jump" coverage="0%"/></conditions></line><line number="111" hits="0" branch="true" condition-coverage="0% (0/2)"><conditions><condition number="0" type="jump" coverage="0%"/></conditions></line><line number="112" hits="0" branch="false"/><line number="114" hits="0" branch="false"/><line number="119" hits="0" branch="false"/><line number="121" hits="0" branch="false"/><line number="122" hits="0" branch="true" condition-coverage="0% (0/2)"><conditions><condition number="0" type="jump" coverage="0%"/></conditions></line><line number="123" hits="0" branch="false"/><line number="127" hits="0" branch="false"/><line number="129" hits="0" branch="false"/><line number="130" hits="0" branch="true" condition-coverage="0% (0/2)"><conditions><condition number="0" type="jump" coverage="0%"/></conditions></line><line number="131" hits="0" branch="false"/><line number="135" hits="0" branch="false"/><line number="137" hits="0" branch="false"/><line number="138" hits="0" branch="true" condition-coverage="0% (0/2)"><conditions><condition number="0" type="jump" coverage="0%"/></conditions></line><line number="139" hits="0" branch="false"/><line number="144" hits="0" branch="false"/><line number="146" hits="0" branch="false"/><line number="147" hits="0" branch="false"/><line number="149" hits="0" branch="true" condition-coverage="0% (0/2)"><conditions><condition number="0" type="jump" coverage="0%"/></conditions></line><line number="150" hits="0" branch="false"/><line number="152" hits="0" branch="false"/><line number="153" hits="0" branch="false"/><line number="154" hits="0" branch="true" condition-coverage="0% (0/2)"><conditions><condition number="0" type="jump" coverage="0%"/></conditions></line><line number="155" hits="0" branch="false"/><line number="157" hits="0" branch="false"/><line number="159" hits="0" branch="false"/><line number="161" hits="0" branch="false"/><line number="162" hits="0" branch="false"/><line number="163" hits="0" branch="false"/><line number="166" hits="0" branch="false"/><line number="168" hits="0" branch="false"/><line number="169" hits="0" branch="false"/><line number="170" hits="0" branch="false"/><line number="171" hits="0" branch="false"/><line number="172" hits="0" branch="false"/><line number="173" hits="0" branch="false"/><line number="174" hits="0" branch="false"/><line number="175" hits="0" branch="false"/><line number="178" hits="0" branch="false"/><line number="180" hits="0" branch="false"/><line number="182" hits="0" branch="false"/><line number="184" hits="0" branch="true" condition-coverage="0% (0/2)"><conditions><condition number="0" type="jump" coverage="0%"/></conditions></line><line number="185" hits="0" branch="false"/><line number="187" hits="0" branch="false"/><line number="189" hits="0" branch="false"/><line number="192" hits="0" branch="false"/><line number="194" hits="0" branch="true" condition-coverage="0% (0/2)"><conditions><condition number="0" type="jump" coverage="0%"/></conditions></line><line number="195" hits="0" branch="false"/><line number="197" hits="0" branch="false"/><line number="199" hits="0" branch="false"/><line number="202" hits="0" branch="false"/><line number="204" hits="0" branch="false"/><line number="206" hits="0" branch="false"/><line number="207" hits="0" branch="false"/><line number="210" hits="0" branch="false"/></lines></class><class name="input_manager_impl_cpp" filename="src/window/input_manager_impl.cpp" line-rate="0.9354838709677419" branch-rate="0.47058823529411764" complexity="0.0"><methods/><lines><line number="7" hits="8" branch="false"/><line number="9" hits="8" branch="true" condition-coverage="100% (2/2)"><conditions><condition number="0" type="jump" coverage="100%"/></conditions></line><line number="10" hits="4" branch="false"/><line number="11" hits="4" branch="true" condition-coverage="50% (1/2)"><conditions><condition number="0" type="jump" coverage="50%"/></conditions></line><line number="12" hits="4" branch="false"/><line number="14" hits="8" branch="false"/><line number="16" hits="4" branch="false"/><line number="18" hits="4" branch="false"/><line number="21" hits="4" branch="false"/><line number="23" hits="4" branch="false"/><line number="26" hits="4" branch="false"/><line number="28" hits="4" branch="true" condition-coverage="50% (1/2)"><conditions><condition number="0" type="jump" coverage="50%"/></conditions></line><line number="29" hits="4" branch="false"/><line number="30" hits="4" branch="true" condition-coverage="100% (2/2)"><conditions><condition number="0" type="jump" coverage="100%"/></conditions></line><line number="31" hits="2" branch="false"/><line number="32" hits="2" branch="true" condition-coverage="50% (1/2)"><conditions><condition number="0" type="jump" coverage="50%"/></conditions></line><line number="33" hits="2" branch="false"/><line number="35" hits="4" branch="false"/><line number="37" hits="4" branch="false"/><line number="39" hits="4" branch="true" condition-coverage="50% (1/2)"><conditions><condition number="0" type="jump" coverage="50%"/></conditions></line><line number="40" hits="4" branch="true" condition-coverage="50% (1/2)"><conditions><condition number="0" type="jump" coverage="50%"/></conditions></line><line number="41" hits="4" branch="false"/><line number="42" hits="4" branch="true" condition-coverage="100% (2/2)"><conditions><condition number="0" type="jump" coverage="100%"/></conditions></line><line number="43" hits="2" branch="true" condition-coverage="50% (2/4)"><conditions><condition number="0" type="jump" coverage="50%"/></conditions></line><line number="44" hits="2" branch="false"/><line number="46" hits="0" branch="true" condition-coverage="0% (0/4)"><conditions><condition number="0" type="jump" coverage="0%"/></conditions></line><line number="48" hits="2" branch="true" condition-coverage="50% (1/2)"><conditions><condition number="0" type="jump" coverage="50%"/></conditions></line><line number="49" hits="2" branch="true" condition-coverage="50% (2/4)"><conditions><condition number="0" type="jump" coverage="50%"/></conditions></line><line number="50" hits="2" branch="false"/><line number="52" hits="0" branch="true" condition-coverage="0% (0/4)"><conditions><condition number="0" type="jump" coverage="0%"/></conditions></line><line number="55" hits="4" branch="false"/></lines></class><class name="layer_queue_cpp" filename="src/window/layer_queue.cpp" line-rate="0.8421052631578947" branch-rate="0.42857142857142855" complexity="0.0"><methods/><lines><line number="9" hits="25" branch="false"/><line number="11" hits="25" branch="false"/><line number="12" hits="25" branch="true" condition-coverage="50% (1/2)"><conditions><condition number="0" type="jump" coverage="50%"/></conditions></line><line number="13" hits="25" branch="false"/><line number="16" hits="1" branch="false"/><line number="18" hits="1" branch="false"/><line number="19" hits="1" branch="true" condition-coverage="50% (1/2)"><conditions><condition number="0" type="jump" coverage="50%"/></conditions></line><line number="20" hits="1" branch="false"/><line number="23" hits="3" branch="false"/><line number="25" hits="3" branch="false"/><line number="26" hits="3" branch="false"/><line number="27" hits="12" branch="true" condition-coverage="50% (1/2)"><conditions><condition number="0" type="jump" coverage="50%"/></conditions></line><line number="29" hits="3" branch="true" condition-coverage="100% (2/2)"><conditions><condition number="0" type="jump" coverage="100%"/></conditions></line><line number="30" hits="1" branch="false"/><line number="33" hits="2" branch="true" condition-coverage="50% (1/2)"><conditions><condition number="0" type="jump" coverage="50%"/></conditions></line><line number="34" hits="2" branch="false"/><line number="37" hits="0" branch="false"/><line number="39" hits="0" branch="true" condition-coverage="0% (0/2)"><conditions><condition number="0" type="jump" coverage="0%"/></conditions></line><line number="40" hits="0" branch="true" condition-coverage="0% (0/2)"><conditions><condition number="0" type="jump" coverage="0%"/></conditions></line></lines></class></classes></package><package name="src.window.include.window" line-rate="0.5471698113207547" function-rate="0.7846153846153846" branch-rate="0.0" complexity="0.0"><classes><class name="debug_layer_h" filename="src/window/include/window/debug_layer.h" line-rate="0.0" branch-rate="0.0" complexity="0.0"><methods/><lines><line number="16" hits="0" branch="false"/></lines></class><class name="glfw_window_h" filename="src/window/include/window/glfw_window.h" line-rate="0.0" branch-rate="0.0" complexity="0.0"><methods/><lines><line number="19" hits="0" branch="false"/></lines></class><class name="input_manager_impl_h" filename="src/window/include/window/input_manager_impl.h" line-rate="1.0" branch-rate="0.0" complexity="0.0"><methods/><lines><line number="12" hits="14" branch="false"/></lines></class><class name="key_events_h" filename="src/window/include/window/key_events.h" line-rate="0.6363636363636364" branch-rate="0.0" complexity="0.0"><methods/><lines><line number="12" hits="8" branch="false"/><line number="14" hits="8" branch="false"/><line number="17" hits="10" branch="false"/><line number="19" hits="10" branch="false"/><line number="22" hits="26" branch="false"/><line number="25" hits="13" branch="false"/><line number="37" hits="8" branch="false"/><line number="42" hits="16" branch="false"/><line number="44" hits="9" branch="false"/><line number="46" hits="1" branch="false"/><line number="48" hits="1" branch="false"/><line number="51" hits="0" branch="false"/><line number="53" hits="0" branch="true" condition-coverage="0% (0/2)"><conditions><condition number="0" type="jump" coverage="0%"/></conditions></line><line number="54" hits="0" branch="true" condition-coverage="0% (0/10)"><conditions><condition number="0" type="jump" coverage="0%"/></conditions></line><line number="55" hits="0" branch="true" condition-coverage="0% (0/2)"><conditions><condition number="0" type="jump" coverage="0%"/></conditions></line><line number="67" hits="5" branch="false"/><line number="72" hits="10" branch="false"/><line number="74" hits="3" branch="false"/><line number="76" hits="0" branch="false"/><line number="78" hits="0" branch="true" condition-coverage="0% (0/2)"><conditions><condition number="0" type="jump" coverage="0%"/></conditions></line><line number="79" hits="0" branch="true" condition-coverage="0% (0/6)"><conditions><condition number="0" type="jump" coverage="0%"/></conditions></line><line number="80" hits="0" branch="true" condition-coverage="0% (0/2)"><conditions><condition number="0" type="jump" coverage="0%"/></conditions></line></lines></class><class name="layer_queue_h" filename="src/window/include/window/layer_queue.h" line-rate="1.0" branch-rate="0.0" complexity="0.0"><methods/><lines><line number="38" hits="6" branch="false"/><line number="39" hits="6" branch="false"/><line number="40" hits="6" branch="false"/><line number="41" hits="10" branch="false"/></lines></class><class name="mouse_events_h" filename="src/window/include/window/mouse_events.h" line-rate="0.5526315789473685" branch-rate="0.0" complexity="0.0"><methods/><lines><line number="27" hits="13" branch="false"/><line number="32" hits="26" branch="false"/><line number="33" hits="16" branch="false"/><line number="35" hits="16" branch="false"/><line number="38" hits="9" branch="false"/><line number="54" hits="16" branch="false"/><line number="57" hits="9" branch="false"/><line number="59" hits="0" branch="false"/><line number="61" hits="0" branch="true" condition-coverage="0% (0/2)"><conditions><condition number="0" type="jump" coverage="0%"/></conditions></line><line number="62" hits="0" branch="true" condition-coverage="0% (0/6)"><conditions><condition number="0" type="jump" coverage="0%"/></conditions></line><line number="63" hits="0" branch="true" condition-coverage="0% (0/2)"><conditions><condition number="0" type="jump" coverage="0%"/></conditions></line><line number="77" hits="10" branch="false"/><line number="79" hits="3" branch="false"/><line number="81" hits="0" branch="false"/><line number="83" hits="0" branch="true" condition-coverage="0% (0/2)"><conditions><condition number="0" type="jump" coverage="0%"/></conditions></line><line number="84" hits="0" branch="true" condition-coverage="0% (0/6)"><conditions><condition number="0" type="jump" coverage="0%"/></conditions></line><line number="85" hits="0" branch="true" condition-coverage="0% (0/2)"><conditions><condition number="0" type="jump" coverage="0%"/></conditions></line><line number="94" hits="3" branch="false"/><line number="99" hits="6" branch="false"/><line number="101" hits="1" branch="false"/><line number="103" hits="3" branch="false"/><line number="105" hits="3" branch="false"/><line number="108" hits="0" branch="false"/><line number="110" hits="0" branch="true" condition-coverage="0% (0/2)"><conditions><condition number="0" type="jump" coverage="0%"/></conditions></line><line number="111" hits="0" branch="true" condition-coverage="0% (0/10)"><conditions><condition number="0" type="jump" coverage="0%"/></conditions></line><line number="112" hits="0" branch="true" condition-coverage="0% (0/2)"><conditions><condition number="0" type="jump" coverage="0%"/></conditions></line><line number="115" hits="1" branch="false"/><line number="127" hits="3" branch="false"/><line number="132" hits="6" branch="false"/><line number="134" hits="1" branch="false"/><line number="136" hits="3" branch="false"/><line number="138" hits="3" branch="false"/><line number="141" hits="0" branch="false"/><line number="143" hits="0" branch="true" condition-coverage="0% (0/2)"><conditions><condition number="0" type="jump" coverage="0%"/></conditions></line><line number="144" hits="0" branch="true" condition-coverage="0% (0/8)"><conditions><condition number="0" type="jump" coverage="0%"/></conditions></line><line number="145" hits="0" branch="true" condition-coverage="0% (0/2)"><conditions><condition number="0" type="jump" coverage="0%"/></conditions></line><line number="146" hits="0" branch="true" condition-coverage="0% (0/2)"><conditions><condition number="0" type="jump" coverage="0%"/></conditions></line><line number="149" hits="1" branch="false"/></lines></class><class name="window_events_h" filename="src/window/include/window/window_events.h" line-rate="0.47368421052631576" branch-rate="0.0" complexity="0.0"><methods/><lines><line number="19" hits="10" branch="false"/><line number="21" hits="10" branch="false"/><line number="24" hits="26" branch="false"/><line number="27" hits="6" branch="false"/><line number="43" hits="6" branch="false"/><line number="45" hits="6" branch="false"/><line number="47" hits="0" branch="false"/><line number="49" hits="0" branch="true" condition-coverage="0% (0/2)"><conditions><condition number="0" type="jump" coverage="0%"/></conditions></line><line number="50" hits="0" branch="true" condition-coverage="0% (0/2)"><conditions><condition number="0" type="jump" coverage="0%"/></conditions></line><line number="51" hits="0" branch="true" condition-coverage="0% (0/2)"><conditions><condition number="0" type="jump" coverage="0%"/></conditions></line><line number="64" hits="4" branch="false"/><line number="66" hits="1" branch="false"/><line number="68" hits="0" branch="false"/><line number="70" hits="0" branch="true" condition-coverage="0% (0/2)"><conditions><condition number="0" type="jump" coverage="0%"/></conditions></line><line number="71" hits="0" branch="true" condition-coverage="0% (0/2)"><conditions><condition number="0" type="jump" coverage="0%"/></conditions></line><line number="72" hits="0" branch="true" condition-coverage="0% (0/2)"><conditions><condition number="0" type="jump" coverage="0%"/></conditions></line><line number="85" hits="4" branch="false"/><line number="87" hits="1" branch="false"/><line number="89" hits="0" branch="false"/><line number="91" hits="0" branch="true" condition-coverage="0% (0/2)"><conditions><condition number="0" type="jump" coverage="0%"/></conditions></line><line number="92" hits="0" branch="true" condition-coverage="0% (0/2)"><conditions><condition number="0" type="jump" coverage="0%"/></conditions></line><line number="93" hits="0" branch="true" condition-coverage="0% (0/2)"><conditions><condition number="0" type="jump" coverage="0%"/></conditions></line><line number="101" hits="3" branch="false"/><line number="106" hits="6" branch="false"/><line number="107" hits="1" branch="false"/><line number="109" hits="0" branch="false"/><line number="111" hits="0" branch="true" condition-coverage="0% (0/2)"><conditions><condition number="0" type="jump" coverage="0%"/></conditions></line><line number="112" hits="0" branch="true" condition-coverage="0% (0/10)"><conditions><condition number="0" type="jump" coverage="0%"/></conditions></line><line number="113" hits="0" branch="true" condition-coverage="0% (0/2)"><conditions><condition number="0" type="jump" coverage="0%"/></conditions></line><line number="116" hits="1" branch="false"/><line number="126" hits="3" branch="false"/><line number="131" hits="6" branch="false"/><line number="132" hits="1" branch="false"/><line number="133" hits="0" branch="false"/><line number="135" hits="0" branch="true" condition-coverage="0% (0/2)"><conditions><condition number="0" type="jump" coverage="0%"/></conditions></line><line number="136" hits="0" branch="true" condition-coverage="0% (0/10)"><conditions><condition number="0" type="jump" coverage="0%"/></conditions></line><line number="137" hits="0" branch="true" condition-coverage="0% (0/2)"><conditions><condition number="0" type="jump" coverage="0%"/></conditions></line><line number="140" hits="1" branch="false"/></lines></class><class name="window_h" filename="src/window/include/window/window.h" line-rate="0.0" branch-rate="0.0" complexity="0.0"><methods/><lines><line number="20" hits="0" branch="false"/></lines></class></classes></package></packages></coverage>